[2024-12-15T00:23:59.790-0500] {taskinstance.py:1159} INFO - Dependencies all met for dep_context=non-requeueable deps ti=<TaskInstance: daily_price_volume_etl.run_initial_pipeline scheduled__2024-12-14T00:00:00+00:00 [queued]>
[2024-12-15T00:23:59.795-0500] {taskinstance.py:1159} INFO - Dependencies all met for dep_context=requeueable deps ti=<TaskInstance: daily_price_volume_etl.run_initial_pipeline scheduled__2024-12-14T00:00:00+00:00 [queued]>
[2024-12-15T00:23:59.796-0500] {taskinstance.py:1361} INFO - Starting attempt 1 of 3
[2024-12-15T00:23:59.803-0500] {taskinstance.py:1382} INFO - Executing <Task(PythonOperator): run_initial_pipeline> on 2024-12-14 00:00:00+00:00
[2024-12-15T00:23:59.806-0500] {standard_task_runner.py:57} INFO - Started process 91 to run task
[2024-12-15T00:23:59.808-0500] {standard_task_runner.py:84} INFO - Running: ['***', 'tasks', 'run', 'daily_price_volume_etl', 'run_initial_pipeline', 'scheduled__2024-12-14T00:00:00+00:00', '--job-id', '294', '--raw', '--subdir', 'DAGS_FOLDER/etl_dag.py', '--cfg-path', '/tmp/tmp9r0eikoe']
[2024-12-15T00:23:59.810-0500] {standard_task_runner.py:85} INFO - Job 294: Subtask run_initial_pipeline
[2024-12-15T00:23:59.835-0500] {task_command.py:416} INFO - Running <TaskInstance: daily_price_volume_etl.run_initial_pipeline scheduled__2024-12-14T00:00:00+00:00 [running]> on host ee093ddf7dd7
[2024-12-15T00:23:59.935-0500] {taskinstance.py:1662} INFO - Exporting env vars: AIRFLOW_CTX_DAG_OWNER='***' AIRFLOW_CTX_DAG_ID='daily_price_volume_etl' AIRFLOW_CTX_TASK_ID='run_initial_pipeline' AIRFLOW_CTX_EXECUTION_DATE='2024-12-14T00:00:00+00:00' AIRFLOW_CTX_TRY_NUMBER='1' AIRFLOW_CTX_DAG_RUN_ID='scheduled__2024-12-14T00:00:00+00:00'
[2024-12-15T00:26:01.302-0500] {etl.py:136} INFO - All columns validated successfully.
[2024-12-15T00:26:01.352-0500] {logging_mixin.py:154} INFO - Number of records with out-of-range AdjClose: 0
[2024-12-15T00:26:01.365-0500] {logging_mixin.py:154} INFO - Number of records with out-of-range Date: 0
[2024-12-15T00:26:01.535-0500] {etl.py:189} INFO - Dropped 503 rows with missing values in ['ticker', 'date', 'adj_close', 'close', 'ret_1d'].
[2024-12-15T00:26:01.544-0500] {etl.py:223} INFO - Transformation pipeline completed successfully.
[2024-12-15T00:26:03.017-0500] {logging_mixin.py:154} INFO - Inserted 12425 rows out of 12425 records
[2024-12-15T00:26:03.260-0500] {logging_mixin.py:154} INFO - Inserted 750 rows out of 750 records
[2024-12-15T00:26:03.274-0500] {logging_mixin.py:154} INFO - Inserted 12500 rows out of 12500 records
[2024-12-15T00:26:03.348-0500] {logging_mixin.py:154} INFO - Inserted 12500 rows out of 12500 records
[2024-12-15T00:26:03.466-0500] {logging_mixin.py:154} INFO - Inserted 12500 rows out of 12500 records
[2024-12-15T00:26:03.537-0500] {logging_mixin.py:154} INFO - Inserted 12500 rows out of 12500 records
[2024-12-15T00:26:03.656-0500] {logging_mixin.py:154} INFO - Inserted 12500 rows out of 12500 records
[2024-12-15T00:26:03.715-0500] {logging_mixin.py:154} INFO - Inserted 12500 rows out of 12500 records
[2024-12-15T00:26:03.730-0500] {logging_mixin.py:154} INFO - Inserted 12489 rows out of 12489 records
[2024-12-15T00:26:03.753-0500] {logging_mixin.py:154} INFO - Inserted 12500 rows out of 12500 records
[2024-12-15T00:26:03.942-0500] {logging_mixin.py:154} INFO - Inserted 12283 rows out of 12283 records
[2024-12-15T00:26:03.952-0500] {python.py:194} INFO - Done. Returned value was: None
[2024-12-15T00:26:03.958-0500] {taskinstance.py:1400} INFO - Marking task as SUCCESS. dag_id=daily_price_volume_etl, task_id=run_initial_pipeline, execution_date=20241214T000000, start_date=20241215T052359, end_date=20241215T052603
[2024-12-15T00:26:03.996-0500] {local_task_job_runner.py:228} INFO - Task exited with return code 0
