[2024-12-15T15:00:12.810-0500] {taskinstance.py:1159} INFO - Dependencies all met for dep_context=non-requeueable deps ti=<TaskInstance: daily_price_volume_etl.fetch_raw_data manual__2024-12-15T20:00:11.741288+00:00 [queued]>
[2024-12-15T15:00:12.817-0500] {taskinstance.py:1159} INFO - Dependencies all met for dep_context=requeueable deps ti=<TaskInstance: daily_price_volume_etl.fetch_raw_data manual__2024-12-15T20:00:11.741288+00:00 [queued]>
[2024-12-15T15:00:12.817-0500] {taskinstance.py:1361} INFO - Starting attempt 1 of 3
[2024-12-15T15:00:12.826-0500] {taskinstance.py:1382} INFO - Executing <Task(PythonOperator): fetch_raw_data> on 2024-12-15 20:00:11.741288+00:00
[2024-12-15T15:00:12.830-0500] {standard_task_runner.py:57} INFO - Started process 1138 to run task
[2024-12-15T15:00:12.832-0500] {standard_task_runner.py:84} INFO - Running: ['***', 'tasks', 'run', 'daily_price_volume_etl', 'fetch_raw_data', 'manual__2024-12-15T20:00:11.741288+00:00', '--job-id', '337', '--raw', '--subdir', 'DAGS_FOLDER/etl_dag.py', '--cfg-path', '/tmp/tmp5oxxd9js']
[2024-12-15T15:00:12.835-0500] {standard_task_runner.py:85} INFO - Job 337: Subtask fetch_raw_data
[2024-12-15T15:00:12.860-0500] {task_command.py:416} INFO - Running <TaskInstance: daily_price_volume_etl.fetch_raw_data manual__2024-12-15T20:00:11.741288+00:00 [running]> on host 5299d9743533
[2024-12-15T15:00:12.958-0500] {taskinstance.py:1662} INFO - Exporting env vars: AIRFLOW_CTX_DAG_OWNER='***' AIRFLOW_CTX_DAG_ID='daily_price_volume_etl' AIRFLOW_CTX_TASK_ID='fetch_raw_data' AIRFLOW_CTX_EXECUTION_DATE='2024-12-15T20:00:11.741288+00:00' AIRFLOW_CTX_TRY_NUMBER='1' AIRFLOW_CTX_DAG_RUN_ID='manual__2024-12-15T20:00:11.741288+00:00'
[2024-12-15T15:01:26.432-0500] {base.py:128} ERROR - Failed to get ticker 'KDP' reason: HTTPSConnectionPool(host='guce.yahoo.com', port=443): Max retries exceeded with url: /consent (Caused by SSLError(SSLEOFError(8, 'EOF occurred in violation of protocol (_ssl.c:1131)')))
[2024-12-15T15:01:34.372-0500] {base.py:128} ERROR - Failed to get ticker 'DGX' reason: Expecting value: line 1 column 1 (char 0)
[2024-12-15T15:01:34.373-0500] {base.py:128} ERROR - Failed to get ticker 'IBM' reason: Expecting value: line 1 column 1 (char 0)
[2024-12-15T15:01:34.375-0500] {base.py:128} ERROR - Failed to get ticker 'AMCR' reason: Expecting value: line 1 column 1 (char 0)
[2024-12-15T15:01:34.378-0500] {base.py:128} ERROR - Failed to get ticker 'AIZ' reason: Expecting value: line 1 column 1 (char 0)
[2024-12-15T15:01:34.468-0500] {base.py:128} ERROR - Failed to get ticker 'WST' reason: Expecting value: line 1 column 1 (char 0)
[2024-12-15T15:01:34.468-0500] {base.py:128} ERROR - Failed to get ticker 'CME' reason: Expecting value: line 1 column 1 (char 0)
[2024-12-15T15:01:40.369-0500] {base.py:128} ERROR - Failed to get ticker 'EMR' reason: Expecting value: line 1 column 1 (char 0)
[2024-12-15T15:01:40.465-0500] {base.py:128} ERROR - Failed to get ticker 'COP' reason: Expecting value: line 1 column 1 (char 0)
[2024-12-15T15:01:40.666-0500] {base.py:128} ERROR - Failed to get ticker 'HAS' reason: Expecting value: line 1 column 1 (char 0)
[2024-12-15T15:01:40.667-0500] {base.py:128} ERROR - Failed to get ticker 'EA' reason: Expecting value: line 1 column 1 (char 0)
[2024-12-15T15:01:40.669-0500] {base.py:128} ERROR - Failed to get ticker 'DAY' reason: Expecting value: line 1 column 1 (char 0)
[2024-12-15T15:01:45.681-0500] {base.py:128} ERROR - Failed to get ticker 'T' reason: Expecting value: line 1 column 1 (char 0)
[2024-12-15T15:01:46.070-0500] {base.py:128} ERROR - Failed to get ticker 'MDLZ' reason: Expecting value: line 1 column 1 (char 0)
[2024-12-15T15:01:46.072-0500] {base.py:128} ERROR - Failed to get ticker 'AVB' reason: Expecting value: line 1 column 1 (char 0)
[2024-12-15T15:01:46.075-0500] {base.py:128} ERROR - Failed to get ticker 'NTRS' reason: Expecting value: line 1 column 1 (char 0)
[2024-12-15T15:01:49.118-0500] {base.py:128} ERROR - Failed to get ticker 'NDSN' reason: HTTPSConnectionPool(host='query2.finance.yahoo.com', port=443): Read timed out. (read timeout=10)
[2024-12-15T15:01:51.271-0500] {base.py:128} ERROR - Failed to get ticker 'AMD' reason: Expecting value: line 1 column 1 (char 0)
[2024-12-15T15:01:51.274-0500] {base.py:128} ERROR - Failed to get ticker 'DRI' reason: Expecting value: line 1 column 1 (char 0)
[2024-12-15T15:01:51.275-0500] {base.py:128} ERROR - Failed to get ticker 'MTD' reason: Expecting value: line 1 column 1 (char 0)
[2024-12-15T15:01:51.376-0500] {base.py:128} ERROR - Failed to get ticker 'TER' reason: Expecting value: line 1 column 1 (char 0)
[2024-12-15T15:01:51.377-0500] {base.py:128} ERROR - Failed to get ticker 'META' reason: Expecting value: line 1 column 1 (char 0)
[2024-12-15T15:01:51.379-0500] {base.py:128} ERROR - Failed to get ticker 'CPT' reason: Expecting value: line 1 column 1 (char 0)
[2024-12-15T15:01:56.577-0500] {base.py:128} ERROR - Failed to get ticker 'QCOM' reason: Expecting value: line 1 column 1 (char 0)
[2024-12-15T15:01:56.581-0500] {base.py:128} ERROR - Failed to get ticker 'DXCM' reason: Expecting value: line 1 column 1 (char 0)
[2024-12-15T15:01:56.585-0500] {base.py:128} ERROR - Failed to get ticker 'CAH' reason: Expecting value: line 1 column 1 (char 0)
[2024-12-15T15:01:56.591-0500] {base.py:128} ERROR - Failed to get ticker 'CINF' reason: Expecting value: line 1 column 1 (char 0)
[2024-12-15T15:02:01.367-0500] {base.py:128} ERROR - Failed to get ticker 'LYB' reason: Expecting value: line 1 column 1 (char 0)
[2024-12-15T15:02:01.367-0500] {base.py:128} ERROR - Failed to get ticker 'GDDY' reason: Expecting value: line 1 column 1 (char 0)
[2024-12-15T15:02:01.467-0500] {base.py:128} ERROR - Failed to get ticker 'TXN' reason: Expecting value: line 1 column 1 (char 0)
[2024-12-15T15:02:01.470-0500] {base.py:128} ERROR - Failed to get ticker 'MSI' reason: Expecting value: line 1 column 1 (char 0)
[2024-12-15T15:02:01.473-0500] {base.py:128} ERROR - Failed to get ticker 'HAL' reason: Expecting value: line 1 column 1 (char 0)
[2024-12-15T15:02:01.566-0500] {base.py:128} ERROR - Failed to get ticker 'NCLH' reason: Expecting value: line 1 column 1 (char 0)
[2024-12-15T15:02:07.881-0500] {base.py:128} ERROR - Failed to get ticker 'AJG' reason: Expecting value: line 1 column 1 (char 0)
[2024-12-15T15:02:07.882-0500] {base.py:128} ERROR - Failed to get ticker 'APD' reason: Expecting value: line 1 column 1 (char 0)
[2024-12-15T15:02:07.889-0500] {base.py:128} ERROR - Failed to get ticker 'HOLX' reason: Expecting value: line 1 column 1 (char 0)
[2024-12-15T15:02:07.890-0500] {base.py:128} ERROR - Failed to get ticker 'OMC' reason: Expecting value: line 1 column 1 (char 0)
[2024-12-15T15:02:07.891-0500] {base.py:128} ERROR - Failed to get ticker 'PHM' reason: Expecting value: line 1 column 1 (char 0)
[2024-12-15T15:02:12.766-0500] {base.py:128} ERROR - Failed to get ticker 'AVY' reason: Expecting value: line 1 column 1 (char 0)
[2024-12-15T15:02:12.769-0500] {base.py:128} ERROR - Failed to get ticker 'MA' reason: Expecting value: line 1 column 1 (char 0)
[2024-12-15T15:02:12.867-0500] {base.py:128} ERROR - Failed to get ticker 'ODFL' reason: Expecting value: line 1 column 1 (char 0)
[2024-12-15T15:02:12.873-0500] {base.py:128} ERROR - Failed to get ticker 'DHI' reason: Expecting value: line 1 column 1 (char 0)
