[2024-12-14T22:35:12.852-0500] {taskinstance.py:1159} INFO - Dependencies all met for dep_context=non-requeueable deps ti=<TaskInstance: daily_price_volume_etl.run_initial_pipeline manual__2024-12-15T03:35:11.349355+00:00 [queued]>
[2024-12-14T22:35:12.857-0500] {taskinstance.py:1159} INFO - Dependencies all met for dep_context=requeueable deps ti=<TaskInstance: daily_price_volume_etl.run_initial_pipeline manual__2024-12-15T03:35:11.349355+00:00 [queued]>
[2024-12-14T22:35:12.857-0500] {taskinstance.py:1361} INFO - Starting attempt 1 of 3
[2024-12-14T22:35:12.864-0500] {taskinstance.py:1382} INFO - Executing <Task(PythonOperator): run_initial_pipeline> on 2024-12-15 03:35:11.349355+00:00
[2024-12-14T22:35:12.866-0500] {standard_task_runner.py:57} INFO - Started process 78 to run task
[2024-12-14T22:35:12.868-0500] {standard_task_runner.py:84} INFO - Running: ['***', 'tasks', 'run', 'daily_price_volume_etl', 'run_initial_pipeline', 'manual__2024-12-15T03:35:11.349355+00:00', '--job-id', '61', '--raw', '--subdir', 'DAGS_FOLDER/etl_dag.py', '--cfg-path', '/tmp/tmpaq69y72i']
[2024-12-14T22:35:12.870-0500] {standard_task_runner.py:85} INFO - Job 61: Subtask run_initial_pipeline
[2024-12-14T22:35:12.891-0500] {task_command.py:416} INFO - Running <TaskInstance: daily_price_volume_etl.run_initial_pipeline manual__2024-12-15T03:35:11.349355+00:00 [running]> on host f15d24439435
[2024-12-14T22:35:13.272-0500] {taskinstance.py:1662} INFO - Exporting env vars: AIRFLOW_CTX_DAG_OWNER='***' AIRFLOW_CTX_DAG_ID='daily_price_volume_etl' AIRFLOW_CTX_TASK_ID='run_initial_pipeline' AIRFLOW_CTX_EXECUTION_DATE='2024-12-15T03:35:11.349355+00:00' AIRFLOW_CTX_TRY_NUMBER='1' AIRFLOW_CTX_DAG_RUN_ID='manual__2024-12-15T03:35:11.349355+00:00'
[2024-12-14T22:36:29.171-0500] {etl.py:136} INFO - All columns validated successfully.
[2024-12-14T22:36:29.217-0500] {logging_mixin.py:154} INFO - Number of records with out-of-range AdjClose: 0
[2024-12-14T22:36:29.228-0500] {logging_mixin.py:154} INFO - Number of records with out-of-range Date: 0
[2024-12-14T22:36:29.315-0500] {etl.py:189} INFO - Dropped 503 rows with missing values in ['ticker', 'date', 'adj_close', 'close', 'ret_1d'].
[2024-12-14T22:36:29.322-0500] {etl.py:223} INFO - Transformation pipeline completed successfully.
[2024-12-14T22:36:30.510-0500] {logging_mixin.py:154} INFO - Inserted 12500 rows out of 12500 records
[2024-12-14T22:36:30.612-0500] {logging_mixin.py:154} INFO - Inserted 12425 rows out of 12425 records
[2024-12-14T22:36:30.618-0500] {logging_mixin.py:154} INFO - Inserted 12500 rows out of 12500 records
[2024-12-14T22:36:30.642-0500] {logging_mixin.py:154} INFO - Inserted 12500 rows out of 12500 records
[2024-12-14T22:36:30.764-0500] {logging_mixin.py:154} INFO - Inserted 750 rows out of 750 records
[2024-12-14T22:36:30.928-0500] {logging_mixin.py:154} INFO - Inserted 12500 rows out of 12500 records
[2024-12-14T22:36:30.985-0500] {logging_mixin.py:154} INFO - Inserted 12500 rows out of 12500 records
[2024-12-14T22:36:31.002-0500] {logging_mixin.py:154} INFO - Inserted 12489 rows out of 12489 records
[2024-12-14T22:36:31.122-0500] {logging_mixin.py:154} INFO - Inserted 12500 rows out of 12500 records
[2024-12-14T22:36:31.173-0500] {logging_mixin.py:154} INFO - Inserted 12283 rows out of 12283 records
[2024-12-14T22:36:31.234-0500] {logging_mixin.py:154} INFO - Inserted 12500 rows out of 12500 records
[2024-12-14T22:36:31.241-0500] {python.py:194} INFO - Done. Returned value was: None
[2024-12-14T22:36:31.246-0500] {taskinstance.py:1400} INFO - Marking task as SUCCESS. dag_id=daily_price_volume_etl, task_id=run_initial_pipeline, execution_date=20241215T033511, start_date=20241215T033512, end_date=20241215T033631
[2024-12-14T22:36:31.291-0500] {local_task_job_runner.py:228} INFO - Task exited with return code 0
