[2024-12-15T15:52:17.052-0500] {taskinstance.py:1159} INFO - Dependencies all met for dep_context=non-requeueable deps ti=<TaskInstance: daily_price_volume_etl.upsert_data_to_db manual__2024-12-15T20:48:41.907084+00:00 [queued]>
[2024-12-15T15:52:17.059-0500] {taskinstance.py:1159} INFO - Dependencies all met for dep_context=requeueable deps ti=<TaskInstance: daily_price_volume_etl.upsert_data_to_db manual__2024-12-15T20:48:41.907084+00:00 [queued]>
[2024-12-15T15:52:17.059-0500] {taskinstance.py:1361} INFO - Starting attempt 2 of 4
[2024-12-15T15:52:17.064-0500] {taskinstance.py:1382} INFO - Executing <Task(PythonOperator): upsert_data_to_db> on 2024-12-15 20:48:41.907084+00:00
[2024-12-15T15:52:17.067-0500] {standard_task_runner.py:57} INFO - Started process 647 to run task
[2024-12-15T15:52:17.069-0500] {standard_task_runner.py:84} INFO - Running: ['***', 'tasks', 'run', 'daily_price_volume_etl', 'upsert_data_to_db', 'manual__2024-12-15T20:48:41.907084+00:00', '--job-id', '439', '--raw', '--subdir', 'DAGS_FOLDER/etl_dag.py', '--cfg-path', '/tmp/tmpckk1_91i']
[2024-12-15T15:52:17.071-0500] {standard_task_runner.py:85} INFO - Job 439: Subtask upsert_data_to_db
[2024-12-15T15:52:17.093-0500] {task_command.py:416} INFO - Running <TaskInstance: daily_price_volume_etl.upsert_data_to_db manual__2024-12-15T20:48:41.907084+00:00 [running]> on host 1e0c6de054af
[2024-12-15T15:52:17.132-0500] {taskinstance.py:1662} INFO - Exporting env vars: AIRFLOW_CTX_DAG_OWNER='***' AIRFLOW_CTX_DAG_ID='daily_price_volume_etl' AIRFLOW_CTX_TASK_ID='upsert_data_to_db' AIRFLOW_CTX_EXECUTION_DATE='2024-12-15T20:48:41.907084+00:00' AIRFLOW_CTX_TRY_NUMBER='2' AIRFLOW_CTX_DAG_RUN_ID='manual__2024-12-15T20:48:41.907084+00:00'
[2024-12-15T15:52:18.300-0500] {etl.py:305} INFO - Inserted 12425 rows out of 12425 records
[2024-12-15T15:52:18.301-0500] {etl.py:305} INFO - Inserted 12500 rows out of 12500 records
[2024-12-15T15:52:18.400-0500] {etl.py:305} INFO - Inserted 12500 rows out of 12500 records
[2024-12-15T15:52:18.446-0500] {etl.py:305} INFO - Inserted 500 rows out of 500 records
[2024-12-15T15:52:18.528-0500] {etl.py:305} INFO - Inserted 12500 rows out of 12500 records
[2024-12-15T15:52:18.624-0500] {etl.py:305} INFO - Inserted 12500 rows out of 12500 records
[2024-12-15T15:52:18.859-0500] {etl.py:305} INFO - Inserted 12500 rows out of 12500 records
[2024-12-15T15:52:18.952-0500] {etl.py:305} INFO - Inserted 12489 rows out of 12489 records
[2024-12-15T15:52:19.053-0500] {etl.py:305} INFO - Inserted 12283 rows out of 12283 records
[2024-12-15T15:52:19.079-0500] {etl.py:305} INFO - Inserted 12500 rows out of 12500 records
[2024-12-15T15:52:19.085-0500] {etl.py:305} INFO - Inserted 12500 rows out of 12500 records
[2024-12-15T15:52:19.089-0500] {etl.py:451} INFO - Upserted processed data to database
[2024-12-15T15:52:19.090-0500] {python.py:194} INFO - Done. Returned value was: None
[2024-12-15T15:52:19.095-0500] {taskinstance.py:1400} INFO - Marking task as SUCCESS. dag_id=daily_price_volume_etl, task_id=upsert_data_to_db, execution_date=20241215T204841, start_date=20241215T205217, end_date=20241215T205219
[2024-12-15T15:52:19.136-0500] {local_task_job_runner.py:228} INFO - Task exited with return code 0
[2024-12-15T15:52:19.145-0500] {taskinstance.py:2778} INFO - 0 downstream tasks scheduled from follow-on schedule check
